INFO:  latexindent.pl version 3.24.7, 2025-08-15, a script to indent .tex files
       latexindent.pl lives here: C:/Users/Admin/AppData/Local/Programs/MiKTeX/scripts/latexindent/
       Sat Jan 31 22:23:09 2026
       Filename: C:\Users\Admin\Documents\code\university\fmnist-proejct\report\tex\report.tex
INFO:  Processing switches:
       -s|--silent: Silent mode active (you have used either -s or --silent)
       -w|--overwrite: Overwrite mode active, will make a back up before overwriting
INFO:  Directory for backup files and log file indent.log:
       C:\Users\Admin\Documents\code\university\fmnist-proejct\report\tex
INFO:  Perl modules are being loaded from the following directories:
       C:/Strawberry/perl/lib/FindBin.pm
       C:/Strawberry/perl/vendor/lib/YAML/Tiny.pm
       C:/Strawberry/perl/lib/File/Copy.pm
       C:/Strawberry/perl/lib/File/Basename.pm
       C:/Strawberry/perl/lib/Getopt/Long.pm
       C:/Strawberry/perl/vendor/lib/File/HomeDir.pm
INFO:  LatexIndent perl modules are being loaded from, for example:
       C:/Users/Admin/AppData/Local/Programs/MiKTeX/scripts/latexindent/LatexIndent/Document.pm
INFO:  YAML settings read: defaultSettings.yaml
       Reading defaultSettings.yaml from C:/Users/Admin/AppData/Local/Programs/MiKTeX/scripts/latexindent/defaultSettings.yaml
INFO:  YAML reading settings
       Home directory is C:\Users\Admin
       latexindent.pl didn't find indentconfig.yaml or .indentconfig.yaml
       see all possible locations: https://latexindentpl.readthedocs.io/en/latest/sec-appendices.html#indentconfig-options)
INFO:  Backup procedure (-w flag active):
       C:\Users\Admin\Documents\code\university\fmnist-proejct\report\tex\report.bak0 already exists, incrementing by 1 (see maxNumberOfBackUps)
       C:\Users\Admin\Documents\code\university\fmnist-proejct\report\tex\report.bak1 already exists, incrementing by 1 (see maxNumberOfBackUps)
       C:\Users\Admin\Documents\code\university\fmnist-proejct\report\tex\report.bak2 already exists, incrementing by 1 (see maxNumberOfBackUps)
       C:\Users\Admin\Documents\code\university\fmnist-proejct\report\tex\report.bak3 already exists, incrementing by 1 (see maxNumberOfBackUps)
       C:\Users\Admin\Documents\code\university\fmnist-proejct\report\tex\report.bak4 already exists, incrementing by 1 (see maxNumberOfBackUps)
       C:\Users\Admin\Documents\code\university\fmnist-proejct\report\tex\report.bak5 already exists, incrementing by 1 (see maxNumberOfBackUps)
       C:\Users\Admin\Documents\code\university\fmnist-proejct\report\tex\report.bak6 already exists, incrementing by 1 (see maxNumberOfBackUps)
       C:\Users\Admin\Documents\code\university\fmnist-proejct\report\tex\report.bak7 already exists, incrementing by 1 (see maxNumberOfBackUps)
       C:\Users\Admin\Documents\code\university\fmnist-proejct\report\tex\report.bak8 already exists, incrementing by 1 (see maxNumberOfBackUps)
       C:\Users\Admin\Documents\code\university\fmnist-proejct\report\tex\report.bak9 already exists, incrementing by 1 (see maxNumberOfBackUps)
       C:\Users\Admin\Documents\code\university\fmnist-proejct\report\tex\report.bak10 already exists, incrementing by 1 (see maxNumberOfBackUps)
       C:\Users\Admin\Documents\code\university\fmnist-proejct\report\tex\report.bak11 already exists, incrementing by 1 (see maxNumberOfBackUps)
       C:\Users\Admin\Documents\code\university\fmnist-proejct\report\tex\report.bak12 already exists, incrementing by 1 (see maxNumberOfBackUps)
       C:\Users\Admin\Documents\code\university\fmnist-proejct\report\tex\report.bak13 already exists, incrementing by 1 (see maxNumberOfBackUps)
       C:\Users\Admin\Documents\code\university\fmnist-proejct\report\tex\report.bak14 already exists, incrementing by 1 (see maxNumberOfBackUps)
       C:\Users\Admin\Documents\code\university\fmnist-proejct\report\tex\report.bak15 already exists, incrementing by 1 (see maxNumberOfBackUps)
       C:\Users\Admin\Documents\code\university\fmnist-proejct\report\tex\report.bak16 already exists, incrementing by 1 (see maxNumberOfBackUps)
       C:\Users\Admin\Documents\code\university\fmnist-proejct\report\tex\report.bak17 already exists, incrementing by 1 (see maxNumberOfBackUps)
       C:\Users\Admin\Documents\code\university\fmnist-proejct\report\tex\report.bak18 already exists, incrementing by 1 (see maxNumberOfBackUps)
       C:\Users\Admin\Documents\code\university\fmnist-proejct\report\tex\report.bak19 already exists, incrementing by 1 (see maxNumberOfBackUps)
       C:\Users\Admin\Documents\code\university\fmnist-proejct\report\tex\report.bak20 already exists, incrementing by 1 (see maxNumberOfBackUps)
       C:\Users\Admin\Documents\code\university\fmnist-proejct\report\tex\report.bak21 already exists, incrementing by 1 (see maxNumberOfBackUps)
       C:\Users\Admin\Documents\code\university\fmnist-proejct\report\tex\report.bak22 already exists, incrementing by 1 (see maxNumberOfBackUps)
       C:\Users\Admin\Documents\code\university\fmnist-proejct\report\tex\report.bak23 already exists, incrementing by 1 (see maxNumberOfBackUps)
       C:\Users\Admin\Documents\code\university\fmnist-proejct\report\tex\report.bak24 already exists, incrementing by 1 (see maxNumberOfBackUps)
       C:\Users\Admin\Documents\code\university\fmnist-proejct\report\tex\report.bak25 already exists, incrementing by 1 (see maxNumberOfBackUps)
       C:\Users\Admin\Documents\code\university\fmnist-proejct\report\tex\report.bak26 already exists, incrementing by 1 (see maxNumberOfBackUps)
       C:\Users\Admin\Documents\code\university\fmnist-proejct\report\tex\report.bak27 already exists, incrementing by 1 (see maxNumberOfBackUps)
       C:\Users\Admin\Documents\code\university\fmnist-proejct\report\tex\report.bak28 already exists, incrementing by 1 (see maxNumberOfBackUps)
       C:\Users\Admin\Documents\code\university\fmnist-proejct\report\tex\report.bak29 already exists, incrementing by 1 (see maxNumberOfBackUps)
       C:\Users\Admin\Documents\code\university\fmnist-proejct\report\tex\report.bak30 already exists, incrementing by 1 (see maxNumberOfBackUps)
       C:\Users\Admin\Documents\code\university\fmnist-proejct\report\tex\report.bak31 already exists, incrementing by 1 (see maxNumberOfBackUps)
       C:\Users\Admin\Documents\code\university\fmnist-proejct\report\tex\report.bak32 already exists, incrementing by 1 (see maxNumberOfBackUps)
       C:\Users\Admin\Documents\code\university\fmnist-proejct\report\tex\report.bak33 already exists, incrementing by 1 (see maxNumberOfBackUps)
       C:\Users\Admin\Documents\code\university\fmnist-proejct\report\tex\report.bak34 already exists, incrementing by 1 (see maxNumberOfBackUps)
       C:\Users\Admin\Documents\code\university\fmnist-proejct\report\tex\report.bak35 already exists, incrementing by 1 (see maxNumberOfBackUps)
       C:\Users\Admin\Documents\code\university\fmnist-proejct\report\tex\report.bak36 already exists, incrementing by 1 (see maxNumberOfBackUps)
       C:\Users\Admin\Documents\code\university\fmnist-proejct\report\tex\report.bak37 already exists, incrementing by 1 (see maxNumberOfBackUps)
       Backing up C:\Users\Admin\Documents\code\university\fmnist-proejct\report\tex\report.tex to C:\Users\Admin\Documents\code\university\fmnist-proejct\report\tex\report.bak38...
       C:\Users\Admin\Documents\code\university\fmnist-proejct\report\tex\report.tex will be overwritten after indentation
INFO:  Phase 1: searching for objects
INFO:  Phase 2: finding surrounding indentation
INFO:  Phase 3: indenting objects
INFO:  Phase 4: final indentation check
INFO:  Output routine:
       Overwriting file C:\Users\Admin\Documents\code\university\fmnist-proejct\report\tex\report.tex
       --------------
INFO:  Please direct all communication/issues to:
        https://github.com/cmhughes/latexindent.pl
